<?xml version="1.0" encoding="utf-8"?><testsuites name="pytest tests"><testsuite name="pytest" errors="0" failures="0" skipped="0" tests="6" time="11.201" timestamp="2026-04-28T14:26:00.235105+00:00" hostname="agent-env-b98e5bcb-aea7-4420-ae64-addac2547711"><testcase classname="backend.tests.test_api_flows" name="test_health_root" time="0.177" /><testcase classname="backend.tests.test_api_flows" name="test_analyze_returns_structured_json" time="9.357" /><testcase classname="backend.tests.test_api_flows" name="test_reference_image_endpoint_returns_expected_shape" time="0.194" /><testcase classname="backend.tests.test_api_flows" name="test_save_get_dashboard_species_map_and_delete_finding" time="0.854" /><testcase classname="backend.tests.test_api_flows" name="test_map_rounds_coordinates_for_rare_species" time="0.174" /><testcase classname="backend.tests.test_api_flows" name="test_species_delete_route_removes_user_findings" time="0.360" /></testsuite></testsuites>