<?xml version="1.0" encoding="utf-8"?><testsuites name="pytest tests"><testsuite name="pytest" errors="0" failures="0" skipped="0" tests="5" time="9.675" timestamp="2026-04-28T13:47:10.996713+00:00" hostname="agent-env-b98e5bcb-aea7-4420-ae64-addac2547711"><testcase classname="backend.tests.test_api_flows" name="test_health_root" time="0.288" /><testcase classname="backend.tests.test_api_flows" name="test_analyze_returns_structured_json" time="8.289" /><testcase classname="backend.tests.test_api_flows" name="test_reference_image_endpoint_returns_expected_shape" time="0.187" /><testcase classname="backend.tests.test_api_flows" name="test_save_get_dashboard_species_map_and_delete_finding" time="0.604" /><testcase classname="backend.tests.test_api_flows" name="test_map_rounds_coordinates_for_rare_species" time="0.226" /></testsuite></testsuites>